-------------------------------------------------------------------------------
Test set: org.csu.api.ApiApplicationTests
-------------------------------------------------------------------------------
Tests run: 1, Failures: 0, Errors: 1, Skipped: 0, Time elapsed: 1.715 s <<< FAILURE! - in org.csu.api.ApiApplicationTests
contextLoads  Time elapsed: 0.006 s  <<< ERROR!
java.lang.NoClassDefFoundError: javax/servlet/SessionCookieConfig
Caused by: java.lang.ClassNotFoundException: javax.servlet.SessionCookieConfig

